This process runs as root (in production).  It listens at 127.0.0.1:50505/tcp.  Protect it accordingly!
framework.metasploit-pro-engine (30939.2ms)
Migrating to CreateTables (0)
Migrating to AddWmapTables (1)
Migrating to AddWorkspaces (2)
Migrating to MoveNotes (3)
Migrating to AddEventsTable (4)
Migrating to ExpandInfo (5)
Migrating to AddTimestamps (6)
Migrating to AddLoots (7)
Migrating to CreateUsers (8)
Migrating to AddLootsCtype (9)
Migrating to AddAlertFields (10)
Migrating to AddReports (11)
Migrating to AddTasks (12)
Migrating to AddTasksResult (13)
Migrating to AddLootsFields (14)
Migrating to RenameUser (15)
Migrating to AddHostPurpose (16)
Migrating to ExpandInfo2 (17)
Migrating to AddWorkspaceUserInfo (18)
Migrating to AddWorkspaceDesc (19)
Migrating to AddUserPreferences (20)
Migrating to StandardizeInfoAndData (21)
Migrating to EnlargeEventInfo (22)
Migrating to AddReportDownloadedAt (23)
Migrating to ConvertServiceInfoToText (24)
Migrating to AddUserAdmin (25)
Migrating to AddCredsTable (26)
Migrating to MigrateCredData (20100819123300)
Migrating to AddExploitedTable (20100824151500)
Migrating to AddOwnerToWorkspaces (20100908001428)
Migrating to AddReportTemplates (20100911122000)
Migrating to RequireAdminFlag (20100916151530)
Migrating to AddCampaignsAndTemplates (20100916175000)
Migrating to AddGenerateExeColumn (20100920012100)
Migrating to AddTemplatePrefs (20100926214000)
Migrating to AddWebTables (20101001000000)
Migrating to AddQuery (20101002000000)
Migrating to AddVulnInfo (20101007000000)
Migrating to AddClientsToCampaigns (20101008111800)
Migrating to AddCampaignAttachments (20101009023300)
Migrating to AddImportedCreds (20101104135100)
Migrating to FixWebTables (20101203000000)
Migrating to ExpandHostComment (20101203000001)
Migrating to AddLimitToNetworkToWorkspaces (20101206212033)
Migrating to AddModuleUuidToTasks (20110112154300)
Migrating to AddHostTags (20110204112800)
Migrating to AddSessionTable (20110317144932)
Migrating to AddLocalIdToSessionTable (20110414180600)
Migrating to AddRoutesTable (20110415175705)
Migrating to ConvertBinary (20110422000000)
Migrating to AddLastSeenToSessions (20110425095900)
Migrating to TrackSuccessfulExploits (20110513143900)
Migrating to RenameAndPruneNessusVulns (20110517160800)
Migrating to AddTaskIdToReportsTable (20110527000000)
Migrating to AddApiKeysTable (20110527000001)
Migrating to AddMacrosTable (20110606000001)
Migrating to AddCredFileTable (20110608113500)
Migrating to AddSettingsToTasksTable (20110622000000)
Migrating to AddListenersTable (20110624000001)
Migrating to AddMacroToListenersTable (20110625000001)
Migrating to AddNexposeConsolesTable (20110630000001)
Migrating to AddNameToNexposeConsolesTable (20110630000002)
Migrating to AddProfilesTable (20110717000001)
Migrating to ExpandCredPtypeColumn (20110727163801)
Migrating to AddInitialIndexes (20110730000001)
Migrating to PruneIndexes (20110812000001)
Migrating to ExpandNotes (20110922000000)
Migrating to AddModRefTable (20110928101300)
Migrating to AddDisplayNameToReportsTable (20111011110000)
Migrating to InetColumns (20111203000000)
Migrating to MoreInetColumns (20111204000000)
Migrating to AddScopeToHosts (20111210000000)
Migrating to AddVirtualHostToHosts (20120126110000)
Migrating to CreateSeHumanTargets (20120214173547)
Migrating to CreateSeAttackLists (20120214180627)
Migrating to CreateSeAttackListTargets (20120216175354)
Migrating to CreateSocialEngineeringEmails (20120222200922)
Migrating to CreateSocialEngineeringEmailTemplates (20120222211846)
Migrating to CreateSocialEngineeringCampaigns (20120222215615)
Migrating to CreateSocialEngineeringVisits (20120224210032)
Migrating to CreateSocialEngineeringTrackingLinks (20120224210251)
Migrating to CreateSocialEngineeringWebPages (20120302211405)
Migrating to CreateScheduledTasks (20120322034657)
Migrating to CreateTaskChains (20120322035142)
Migrating to AddStateToTaskChain (20120327234013)
Migrating to AddClearBeforeRunToTaskChain (20120402171703)
Migrating to RenameWorkspaceMembers (20120411173220)
Migrating to AddDatastoreDataToEvents (20120508153439)
Migrating to AddFieldsToEmail (20120521200021)
Migrating to AddCounterCachesToHosts (20120601152442)
Migrating to AddNameToWebPage (20120607205748)
Migrating to CreateSocialEngineeringCampaignFiles (20120611022859)
Migrating to AddStateToSeCampaigns (20120611151726)
Migrating to CreateSocialEngineeringUsbKeys (20120615191457)
Migrating to CreateSeWebTemplates (20120619201707)
Migrating to ExpandSeComponentTables (20120620144555)
Migrating to AddPrefsToCampaigns (20120621231906)
Migrating to UpdateWebTemplatesModel (20120622204822)
Migrating to FixVisitsTable (20120622211713)
Migrating to AddInetColumnToVisit (20120624211412)
Migrating to AddVulnDetails (20120625000000)
Migrating to AddHostDetails (20120625000001)
Migrating to ExpandDetails (20120625000002)
Migrating to ExpandDetails2 (20120625000003)
Migrating to AddVulnAttempts (20120625000004)
Migrating to AddVulnAndHostCounterCaches (20120625000005)
Migrating to AddModuleDetails (20120625000006)
Migrating to AddExploitAttempts (20120625000007)
Migrating to AddFailMessage (20120625000008)
Migrating to AddTemplateIdToSeWebPages (20120627170349)
Migrating to AddAttackTypeToWebPage (20120628212319)
Migrating to CreateSocialEngineeringPhishingResults (20120629171559)
Migrating to RenameAttackListsToTargetLists (20120702232922)
Migrating to AddAttackTypeToEmail (20120705220353)
Migrating to AddContentDispositionToCampaignFile (20120706214120)
Migrating to AddTypeToWebPage (20120709182326)
Migrating to ChangeCloneUrlToString (20120709190111)
Migrating to AddCloneUrlAndOriginTypeToWebTemplates (20120709190832)
Migrating to AddSendStatusFieldsToEmail (20120710024953)
Migrating to AddOriginTypeToEmail (20120710221438)
Migrating to AddInetToSocialEngineeringPhishingResults (20120711171500)
Migrating to AddOwnerAndPayloadToWebVulns (20120718202805)
Migrating to AddEditorTypeToEmail (20120807215156)
Migrating to AddRawDataPhishingResults (20120808203149)
Migrating to AddWrapStringFunc (20120814152312)
Migrating to AddPhishingRedirectOriginToWebPage (20120814190330)
Migrating to CreateSocialEngineeringEmailOpenings (20120820163240)
Migrating to AddAddressToEmailOpening (20120820164934)
Migrating to AddPortToCampaign (20120829073017)
Migrating to UpdateWrapStringFunc (20120829183633)
Migrating to AddStartedAtToSeCampaigns (20120830204014)
Migrating to AddParsedUaInfoToPhishingResults (20120907202200)
Migrating to AddCampaignIdToSession (20120919185804)
Migrating to AddConfigTypeToSocialEngineeringCampaigns (20121001202233)
Migrating to RenameUsbKeyToPortableFile (20121004142927)
Migrating to CreateEmailSends (20121023183338)
Migrating to UpdatePortableFilesForReporting (20121112185301)
Migrating to AddStartedByIdToSeCampaigns (20121114171655)
Migrating to AddTypeToCampaignFiles (20121116213357)
Migrating to AddWorkspaceAndUserToCampaignFiles (20121116213558)
Migrating to AddNameToSeCampaignFiles (20121116230408)
Migrating to AddFileSizeToSeCampaignFiles (20121117071957)
Migrating to AddNotificationsToCampaigns (20130104082355)
Migrating to AddNotificationEmailSubjectToCampaigns (20130104182355)
Migrating to CreateWebRequests (20130130153815)
Migrating to CreateWebCookies (20130130193940)
Migrating to CreateWebParameters (20130130202350)
Migrating to CreateWebHeaders (20130130215920)
Migrating to CreateWebVirtualHosts (20130201164531)
Migrating to AddVirtualHostReferenceToWebRequests (20130206153738)
Migrating to RemoveWorkspaceReferenceFromWebRequests (20130206170059)
Migrating to AddPathToWebRequests (20130207204554)
Migrating to SwapWebRequestsReferencesVulnerabilityWithWebVulnsReferencesRequest (20130208144847)
Migrating to AddHiddenToTaskChain (20130208192816)
Migrating to AddPositionToWebHeaders (20130208201622)
Migrating to AddPositiontoWebParameters (20130208205216)
Migrating to CreateWebProofs (20130214172625)
Migrating to CreateWebVulnCategories (20130215162238)
Migrating to RenameWebVulnCategoriesWebVulnCategoryMetasploits (20130216014001)
Migrating to AddSummaryToWebVulnCategoryMetasploits (20130219151930)
Migrating to SeedWebVulnCategoryMetasploits (20130219172323)
Migrating to CreateWebVulnCategoryOwasps (20130219190624)
Migrating to SeedWebVulnCategoryOwasps (20130221033344)
Migrating to CreateWebVulnCategoryProjectionMetasploitOwasps (20130221203157)
Migrating to SeedWebVulnCategoryProjectionMetasploitOwasps (20130221223222)
Migrating to CreateRunStats (20130222175046)
Migrating to CreateWizardProcedures (20130223102526)
Migrating to RemoveHiddenFromTaskChains (20130223171130)
Migrating to StandardizeCategoryInWebVulns (20130226151306)
Migrating to CreateWebTransmittedCookies (20130226203506)
Migrating to CreateWebTransmittedHeaders (20130226203526)
Migrating to AddingAttackToWebRequest (20130227191633)
Migrating to CreateWebAttackCrossSiteScriptings (20130228193109)
Migrating to CreateWebRequestGroups (20130228193351)
Migrating to ChangeRequestTableToNewFormat (20130228204548)
Migrating to ChangeRequiredColumnsToNullFalseInWebVulns (20130228214900)
Migrating to ChangeCategoryToReferenceInWebVulns (20130228214901)
Migrating to RemoveProofFromWebVulns (20130228214902)
Migrating to MovingHeadersAndCookiesToRequestGroups (20130301203008)
Migrating to ModifyWebCookieIntoACookieJar (20130305194320)
Migrating to SeedWebVulnCategoryMetasploitTls (20130308191559)
Migrating to SeedWebVulnCategoryOwasps2013 (20130308200346)
Migrating to SeedWebVulnCategoryProjectionMetasploitOwasps2013 (20130308203109)
Migrating to FixOwasp2013Prevalence (20130326155446)
Migrating to AddUserIdToWizardProcedures (20130326164623)
Migrating to SeedWebVulnCategoryMetasploitMissingSeeds (20130327210928)
Migrating to SeedWebVulnCategoryProjectionMetasploitOwasps2013MissingSeeds (20130327212613)
Migrating to SeedWebVulnCategoryProjectionMetasploitOwaspsMissingSeeds (20130328163951)
Migrating to MoveMdmUserFromRequestToRequestGroup (20130402220630)
Migrating to MakeUserIdAndWorkSpaceIdNotNullOnRequestGroup (20130404162220)
Migrating to ChangeForeignKeyInModuleActions (20130412154159)
Migrating to ChangeForeignKeyInModuleArchs (20130412171844)
Migrating to ChangeForeignKeyInModuleAuthors (20130412173121)
Migrating to ChangeForeignKeyInModuleMixins (20130412173640)
Migrating to ChangeForeignKeyInModulePlatforms (20130412174254)
Migrating to ChangeForeignKeyInModuleRefs (20130412174719)
Migrating to ChangeForeignKeyInModuleTargets (20130412175040)
Migrating to AddCredsCounterCache (20130423211152)
Migrating to CreateNotificationMessagesTable (20130425275209)
Migrating to AddKindToNotificationMessages (20130426172211)
Migrating to ChangeRequiredColumnsToNullFalseInHosts (20130430151353)
Migrating to EnforceAddressUniquenessInWorkspaceInHosts (20130430162145)
Migrating to RenameNotificationMessagesVisibleToRead (20130502051220)
Migrating to AddTimestampsToNotificationMessages (20130502214512)
Migrating to AddStaticKnownPorts (20130509204359)
Migrating to RemoveCampaigns (20130510021637)
Migrating to AlterRunStats (20130510163306)
Migrating to ChangeWebVulnsConfidenceToInteger (20130515164311)
Migrating to ValidMdmWebVulnParams (20130515172727)
Migrating to MakingVulnsRefsARealArModel (20130516204810)
Migrating to CreateTaskCreds (20130522001343)
Migrating to CreateTaskHosts (20130522032517)
Migrating to CreateTaskServices (20130522041110)
Migrating to RemoveCampaignIdFromClients (20130525015035)
Migrating to DropTableImportedCreds (20130525212420)
Migrating to AddLastReadToMdmUser (20130529183040)
Migrating to CreateApps (20130530184206)
Migrating to CreateAppRuns (20130530184216)
Migrating to CreateAppCategories (20130530184226)
Migrating to CreateAppsCategoriesJoinTable (20130530184236)
Migrating to MakingHostTagsARealArModel (20130531144949)
Migrating to FixAppRunTaskAssocs (20130603161456)
Migrating to CreateTaskSessions (20130604145732)
Migrating to RemoveAppIdFromAppCategories (20130605130805)
Migrating to CreateDelayedJobs (20130605175148)
Migrating to CreateResultRanges (20130605180434)
Migrating to AddSymbolToApps (20130605195015)
Migrating to ChangeEgadzResultState (20130611180506)
Migrating to EgadzUseDnsNames (20130616200853)
Migrating to CreateAppsPassiveNetworkDiscoveryPcapFiles (20130617234902)
Migrating to AddStateMachineToAppRun (20130618005943)
Migrating to AddWorkspaceIdToAppRuns (20130619002830)
Migrating to AddingAppsSeedDataToDatabaseViaMigration (20130621223520)
Migrating to AddCollapseRangesFunc (20130625163103)
Migrating to UpdatePndRating (20130713201916)
Migrating to UpdateMmCatsDesc (20130714210748)
Migrating to RemovePnameValidation (20130717150737)
Migrating to AddNewReportsAndReportArtifacts (20130723172207)
Migrating to EnableProductNewsGlobalSetting (20130909161125)
Migrating to ChangeReportAddNewColumns (20130912003743)
Migrating to CreateNexposeDataSites (20130916172858)
Migrating to CreateNexposeDataAssets (20130916173041)
Migrating to AddStateMachineToReport (20130918192935)
Migrating to AddCampaignLastTargetInteractionTimestamp (20130918225446)
Migrating to AddExports (20130924190444)
Migrating to AddFilePathToExports (20130925161132)
Migrating to AddMaskCredentialsToExports (20130926192707)
Migrating to CreateNexposeDataVulnerabilities (20130926215014)
Migrating to CreateNexposeDataVulnerabilityInstances (20130926215420)
Migrating to CreateNexposeDataVulnerabilityDefinitions (20130926221414)
Migrating to AddCompletedAtToExport (20130927170839)
Migrating to CreateNexposeDataImportRuns (20130930182546)
Migrating to AddAddressStringsToExport (20130930190641)
Migrating to CreateAutomaticExploitationMatches (20131002004641)
Migrating to CreateAutomaticExploitationMatchSets (20131002164449)
Migrating to CreateNexposeDataIpAddress (20131003161836)
Migrating to CreateNexposeDataExploits (20131003184552)
Migrating to AddStartedAtToExport (20131004144220)
Migrating to AddNxVulnDefFkToMdmVuln (20131007015724)
Migrating to CreateNexposeDataExploitVulnerabilityDefinitionJoin (20131007182256)
Migrating to AddNxAssetIdToHost (20131007223847)
Migrating to AddHistoryCountCache (20131008175447)
Migrating to CreateAutomaticExploitationRuns (20131008213344)
Migrating to CreateNexposeResultExceptions (20131009185103)
Migrating to CreateNexposeResultValidations (20131009190247)
Migrating to AddDurationToReport (20131010053502)
Migrating to CreateNexposeDataScanTemplates (20131010194200)
Migrating to AddForeignKeysToNexposeException (20131011162000)
Migrating to ModuleDetailOnAutomaticExploitationMatch (20131011184338)
Migrating to RemovingSiteIdFromVulnerabilities (20131014194612)
Migrating to AddingImportStateToImportRun (20131015183918)
Migrating to ChangeAddressesInReport (20131016174540)
Migrating to CreateAutomaticExploitationMatchResults (20131017150735)
Migrating to CleanUpAutoExploitMatch (20131017160756)
Migrating to AddFkToExceptionAndValidation (20131017201435)
Migrating to AddStateToRun (20131018030838)
Migrating to CreateNexposeResultExportRuns (20131020212347)
Migrating to AddingExportRunIdToExceptionsAndVulnerabilities (20131020212504)
Migrating to MakeMatchPolymorphic (20131021185657)
Migrating to ModifingNexposeResultException (20131021230028)
Migrating to AddMoreOptionsToReport (20131022022052)
Migrating to AddAccessedAtToReportArtifact (20131022041731)
Migrating to ModifingNexposeResultValidation (20131023221505)
Migrating to AddHiddenToApps (20131027230811)
Migrating to AddHiddenToAppRuns (20131027232332)
Migrating to AddUserValidityToReports (20131028163019)
Migrating to CreateNexposeDataVulnerabilityReferences (20131031051123)
Migrating to AddEmailFieldsToReports (20131031170750)
Migrating to FixAppHiddenFields (20131106204241)
Migrating to AddReportCustomResources (20131119184509)
Migrating to EscapeHtmlInVulns (20131119213009)
Migrating to AddLogoPathToReports (20131119234551)
Migrating to DropOldReportTemplates (20131126181005)
Migrating to AddSerializeColumnToScheduledTask (20131210191238)
Migrating to AddNameToApiKey (20131217221431)
Migrating to FixSerializeColumnOnScheduledTask (20131227085944)
Migrating to AddDynamicStagersToPortableFiles (20140123170446)
Migrating to AddingActiveTaskIdToTaskChains (20140123192615)
Migrating to CreateGeneratedPayloads (20140204172553)
Migrating to RemovingMsgSentCountFromSeEmails (20140206213023)
Migrating to AddErrorAndClassToGeneratedPayload (20140207175151)
Migrating to AddSerializedScheduleToTaskChain (20140210203055)
Migrating to AddReportHashtoSchedule (20140213192518)
Migrating to AddingStatusMessageToSeEmailSend (20140219180722)
Migrating to AddFileUploadToScheduledTask (20140221003649)
Migrating to AddActiveScheduledTaskIdToTaskChains (20140306005831)
Migrating to AddActiveReportIdToTaskChain (20140318174815)
Migrating to CreateMetasploitCredentialPublics (20140331173835)
Migrating to AddLastRunTaskAndReportToTaskChains (20140407195724)
Migrating to CreateMetasploitCredentialPrivates (20140407212345)
Migrating to CreateMetasploitCredentialRealms (20140410132401)
Migrating to UniqueMetasploitCredentialRealms (20140410161611)
Migrating to CreateMetasploitCredentialOriginManuals (20140410191213)
Migrating to CreateMetasploitCredentialOriginImports (20140410205410)
Migrating to CreateMetasploitCredentialOriginSessions (20140411142102)
Migrating to CreateMetasploitCredentialOriginServices (20140411205325)
Migrating to CreateMetasploitCredentialCores (20140414192550)
Migrating to CreateMetasploitCredentialLogins (20140417140933)
Migrating to CreateBruteForceRuns (20140428203822)
Migrating to CreateBruteForceReuseGroups (20140429144029)
Migrating to CreateBruteForceReuseGroupsMetasploitCredentialCores (20140505174356)
Migrating to CreateBruteForceReuseAttempts (20140507000330)
Migrating to AddLoginsCounterCacheToCores (20140520140817)
Migrating to AddJtrFormatToMetasploitCredentialPrivates (20140603163708)
Migrating to CreateMetasploitCredentialOriginCrackedPasswords (20140605173747)
Migrating to AddLastRequestAtToUsers (20140606165728)
Migrating to AddPresenterToMdmTasks (20140701184757)
Migrating to CreateCredentialCoresTasksJoinTable (20140702184622)
Migrating to CreateCredentialLoginsTasksJoinTable (20140703144541)
Migrating to AddTagRelations (20140708175508)
Migrating to AddTaskIdToBruteForceRuns (20140711184807)
Migrating to OldCredsToNewCreds (20140722174919)
Migrating to UniqueMetasploitCredentialCores (20140728191933)
Migrating to AddSkippedToBruteforceReuseAttempts (20140729162740)
Migrating to UniqueMetasploitCredentialCoresWithRealmId (20140801150537)
Migrating to MigrateTaskChainConfigToUseCredentials (20140804161504)
Migrating to AddDetectedArchToHost (20140905031549)
Migrating to AddStateToTasks (20140909191631)
Migrating to CreateDominoNodes (20140912163522)
Migrating to CreateBruteforceGuessCore (20140912194642)
Migrating to CreateDominoEdges (20140916162714)
Migrating to CreateBruteForceGuessAttempt (20140917145416)
Migrating to AddTypetoPublic (20140922170030)
Migrating to AddStatusToBruteForceReuseAttempt (20140930193425)
Migrating to MigrateReuseAttemptStatuses (20140930203020)
Migrating to RemoveSkippedFromBruteForceReuseAttempts (20141001173504)
Migrating to AddStatusToBruteForceGuessAttempt (20141001183658)
Migrating to AddHighValueToDominoNodes (20141029152449)
Migrating to AddCapturedCredsCountToMmDominoNodes (20141031190206)
Migrating to AddDepthToMmDominoNodes (20141112234624)
Migrating to AddSessionIdToBruteForceGuessAttempt (20141119153655)
Migrating to CreateDominoNodesCoresTable (20141124200327)
Migrating to ChangeSinglePasswordMmName (20141125170243)
Migrating to AddLoginIdToBruteForceGuessAttempt (20141201195259)
Migrating to AddUniqueIndexToDominoNodesCoresJoinTable (20141208002728)
Migrating to MigrateLegacyBruteforceChain (20141210203237)
Migrating to OldCredsToNewCreds2 (20150106201450)
Migrating to RemoveDuplicateServices (20150112203945)
Migrating to MigrateTasksToFsm (20150126191220)
Migrating to DropServiceUniquenessIndex (20150205192745)
Migrating to CreateSslCerts (20150206170204)
Migrating to AddSslCertIdtoSeCampaign (20150206201513)
Migrating to AddVulnIdToNote (20150209195939)
Migrating to RemoveDuplicateServices2 (20150212214222)
Migrating to CreateModuleRuns (20150219173821)
Migrating to AddModuleRunToSession (20150219215039)
Migrating to AddLastFailReasonToVulnAttempt (20150225173656)
Migrating to AddModuleRunFkToLoot (20150226151459)
Migrating to AddStateMachineToExceptionAndValidation (20150302212619)
Migrating to UpdatePthDesc (20150310151024)
Migrating to AddModuleFullNameToMatch (20150312155312)
Migrating to RenameModuleIndices (20150317145455)
Migrating to AddMissingAeIndices (20150326183742)
Migrating to AddFailedLoginCountToUsers (20150406194935)
Migrating to RenameAutomaticExploitationIndex (20150421211719)
Migrating to ChangeBoundaryDataTypeToText (20150427204508)
Migrating to RenameSocialEngineeringConstraints (20150429030017)
Migrating to AddOriginToMdmVuln (20150514182921)
Migrating to RemoveModuleDetailId (20150615195014)
Migrating to MigrateLegacyImportTaskChainTasks (20150710194833)
Migrating to RemoveExportRunConsole (20150730163948)
Migrating to ChangeNexposeAssetsToHasManySites (20150811153243)
Migrating to ChangeMetasploitablyOnlyToDefaultFalse (20150817165134)
Migrating to AddLatestScanOnlyToNexposeDataImportRuns (20150819171430)
Migrating to ChangeMdmHostToHasManyAssets (20150819200435)
Migrating to CreateSonarAccounts (20151119175203)
Migrating to CreateSonarDataImportRuns (20151123224123)
Migrating to CreateSonarDataFdns (20151124043724)
Migrating to AddLastSeentoSonarDataImportRun (20151201172151)
Migrating to CreateUsageMetricsTable (20151210213133)
Migrating to CreateBannerMessages (20151221191036)
Migrating to CreateBannerMessageUsers (20151222204507)
Migrating to AddSonarDataFdnsIndex (20151230185859)
Migrating to AddExcludeTrackingToSocialEngineeringEmail (20160119190447)
Migrating to ChangeNexposeDataVulnerabilityInstancesKeyToText (20160128212651)
Migrating to AddTimestampsToUsageMetric (20160208194940)
Migrating to AddIndexesToHumanTargets (20160209224629)
Migrating to AddAdminToBannerMessage (20160210201010)
Migrating to AddBannerMessageBackupRestore (20160217173725)
Migrating to RemoveUsageMetricFux (20160218164041)
Migrating to ChangeNexposeFacingStringColumnsToText (20160310192344)
Migrating to ChangeServerityToSeverity (20160310212705)
Migrating to DropCredFilesTable (20160316200504)
Migrating to RemoveNotNullFromWebVulnPArams (20160415153312)
Migrating to AddSslCipherToSeCampaign (20160523162358)
Migrating to AddNotNulltoReportState (20160524192553)
Migrating to RemoveUnuniqueHumanTargets (20160712155656)
Migrating to RemoveIdFromHumanTargetUniqueIndex (20160715142314)
Migrating to AddFormatToReportArtifactAndRemoveItFromReports (20160818151322)
Migrating to AddFingerprintedToWorkspace (20161004165612)
Migrating to RecreateIndexOnPrivateDataAndType (20161107153145)
Migrating to CreateIndexOnPrivateDataAndTypeForSshKey (20161107203710)
Migrating to AddSaveFormDataToSocialEngineeringWebPage (20161129120000)
Migrating to AddOsFamilyToHosts (20161227212223)
Migrating to AddBannerMessageAutoTarget (20170109000000)
Migrating to MakeHumanTargetsUniqByEmailAddress (20170206194551)
Migrating to AddBannerMessage32bitEol (20170514000000)
Migrating to Ms17010Banner (20170516201455)
Migrating to AddBannerMessage32bitFinalEol (20170627000000)
Migrating to CreateNexposeDataServices (20180302164552)
Migrating to ChangeSslCipherDefaultForSeCampaign (20180404151931)
Migrating to EnableUsageMetricsGlobalSetting (20180626161738)
Migrating to CreatePayloads (20180904120211)
Migrating to AddCurrentLoginAtToUser (20190114174651)
Migrating to CreateAsyncCallbacks (20190308134512)
Migrating to AddNewScanToNexposeDataImportRuns (20190401151804)
Migrating to AddIndexToWizardProceduresType (20190415154041)
Migrating to RemovePayloadWorkspaces (20190507120211)
Migrating to AddIndexesToSocialEngineering (20200207162404)
Migrating to AddPrioritiesSurveyAnnouncement (20200326000000)
Migrating to RemovePrioritiesSurveyAnnouncement (20200501000000)
Migrating to TranslateSshSessions (20210504144323)
Migrating to RemoveBruteforceTaskChainFileReferences (20210706195826)
Migrating to CreateSocialEngineeringTracking (20220621141054)
Migrating to CreateIndexOnPrivateDataAndTypeForPkcs12 (20221209005658)
Service token stored in C:/metasploit/apps/pro/engine/tmp/servicekey.txt...
This process runs as root (in production).  It listens at 127.0.0.1:50505/tcp.  Protect it accordingly!
framework.metasploit-pro-engine (42973.2ms)
Service token stored in C:/metasploit/apps/pro/engine/tmp/servicekey.txt...
This process runs as root (in production).  It listens at 127.0.0.1:50505/tcp.  Protect it accordingly!
framework.metasploit-pro-engine (48168.8ms)
Service token stored in C:/metasploit/apps/pro/engine/tmp/servicekey.txt...
This process runs as root (in production).  It listens at 127.0.0.1:50505/tcp.  Protect it accordingly!
framework.metasploit-pro-engine (35481.7ms)
Service token stored in C:/metasploit/apps/pro/engine/tmp/servicekey.txt...
This process runs as root (in production).  It listens at 127.0.0.1:50505/tcp.  Protect it accordingly!
framework.metasploit-pro-engine (31624.2ms)
Service token stored in C:/metasploit/apps/pro/engine/tmp/servicekey.txt...
